<?xml version="1.0" encoding="UTF-8"?>
<!-- Generated by org.testng.reporters.JUnitReportReporter -->
<testsuite hostname="LAPTOP-Q0ENS57T" failures="0" tests="1" name="Com.Ecommerce.TestCases.Login_TestCase" time="11.765" errors="0" timestamp="2023-01-19T09:43:25 IST" skipped="0">
  <testcase classname="Com.Ecommerce.TestCases.Login_TestCase" name="LoginPage" time="11.765"/>
  <system-out/>
</testsuite> <!-- Com.Ecommerce.TestCases.Login_TestCase -->
